# JRE version: Java(TM) SE Runtime Environment (8.0_121-b13) (build 1.8.0_121-b13)
# Java VM: Java HotSpot(TM) 64-Bit Server VM (25.121-b13 mixed mode bsd-amd64 compressed oops)
Heap:
 PSYoungGen      total 297984K, used 32816K [0x00000007aab00000, 0x00000007bd200000, 0x00000007c0000000)
  eden space 296448K, 11% used [0x00000007aab00000,0x00000007acb0c048,0x00000007bcc80000)
  from space 1536K, 0% used [0x00000007bcc80000,0x00000007bcc80000,0x00000007bce00000)
  to   space 2560K, 0% used [0x00000007bcf80000,0x00000007bcf80000,0x00000007bd200000)
 ParOldGen       total 121856K, used 46613K [0x0000000780000000, 0x0000000787700000, 0x00000007aab00000)
  object space 121856K, 38% used [0x0000000780000000,0x0000000782d85758,0x0000000787700000)
 Metaspace       used 48796K, capacity 51792K, committed 52096K, reserved 1095680K
  class space    used 5729K, capacity 6690K, committed 6784K, reserved 1048576K
GC Heap History (10 events):
Event: 38400.753 GC heap before
{Heap before GC invocations=1286 (full 639):
 PSYoungGen      total 297472K, used 128K [0x00000007aab00000, 0x00000007bce80000, 0x00000007c0000000)
  eden space 296960K, 0% used [0x00000007aab00000,0x00000007aab00000,0x00000007bcd00000)
  from space 512K, 25% used [0x00000007bcd80000,0x00000007bcda0000,0x00000007bce00000)
  to   space 512K, 0% used [0x00000007bce00000,0x00000007bce00000,0x00000007bce80000)
 ParOldGen       total 121856K, used 46287K [0x0000000780000000, 0x0000000787700000, 0x00000007aab00000)
  object space 121856K, 37% used [0x0000000780000000,0x0000000782d33d00,0x0000000787700000)
 Metaspace       used 48533K, capacity 51716K, committed 52096K, reserved 1095680K
  class space    used 5715K, capacity 6688K, committed 6784K, reserved 1048576K
Event: 38400.838 GC heap after
Heap after GC invocations=1286 (full 639):
 PSYoungGen      total 297472K, used 0K [0x00000007aab00000, 0x00000007bce80000, 0x00000007c0000000)
  eden space 296960K, 0% used [0x00000007aab00000,0x00000007aab00000,0x00000007bcd00000)
  from space 512K, 0% used [0x00000007bcd80000,0x00000007bcd80000,0x00000007bce00000)
  to   space 512K, 0% used [0x00000007bce00000,0x00000007bce00000,0x00000007bce80000)
 ParOldGen       total 121856K, used 46225K [0x0000000780000000, 0x0000000787700000, 0x00000007aab00000)
  object space 121856K, 37% used [0x0000000780000000,0x0000000782d247f0,0x0000000787700000)
 Metaspace       used 48533K, capacity 51716K, committed 52096K, reserved 1095680K
  class space    used 5715K, capacity 6688K, committed 6784K, reserved 1048576K
}
Event: 38460.753 GC heap before
{Heap before GC invocations=1287 (full 639):
 PSYoungGen      total 297472K, used 100415K [0x00000007aab00000, 0x00000007bce80000, 0x00000007c0000000)
  eden space 296960K, 33% used [0x00000007aab00000,0x00000007b0d0fd58,0x00000007bcd00000)
  from space 512K, 0% used [0x00000007bcd80000,0x00000007bcd80000,0x00000007bce00000)
  to   space 512K, 0% used [0x00000007bce00000,0x00000007bce00000,0x00000007bce80000)
 ParOldGen       total 121856K, used 46225K [0x0000000780000000, 0x0000000787700000, 0x00000007aab00000)
  object space 121856K, 37% used [0x0000000780000000,0x0000000782d247f0,0x0000000787700000)
 Metaspace       used 48605K, capacity 51792K, committed 52096K, reserved 1095680K
  class space    used 5718K, capacity 6690K, committed 6784K, reserved 1048576K
Event: 38460.756 GC heap after
Heap after GC invocations=1287 (full 639):
 PSYoungGen      total 296960K, used 500K [0x00000007aab00000, 0x00000007bd000000, 0x00000007c0000000)
  eden space 296448K, 0% used [0x00000007aab00000,0x00000007aab00000,0x00000007bcc80000)
  from space 512K, 97% used [0x00000007bce00000,0x00000007bce7d028,0x00000007bce80000)
  to   space 1536K, 0% used [0x00000007bcc80000,0x00000007bcc80000,0x00000007bce00000)
 ParOldGen       total 121856K, used 48496K [0x0000000780000000, 0x0000000787700000, 0x00000007aab00000)
  object space 121856K, 39% used [0x0000000780000000,0x0000000782f5c160,0x0000000787700000)
 Metaspace       used 48605K, capacity 51792K, committed 52096K, reserved 1095680K
  class space    used 5718K, capacity 6690K, committed 6784K, reserved 1048576K
}
Event: 38460.756 GC heap before
{Heap before GC invocations=1288 (full 640):
 PSYoungGen      total 296960K, used 500K [0x00000007aab00000, 0x00000007bd000000, 0x00000007c0000000)
  eden space 296448K, 0% used [0x00000007aab00000,0x00000007aab00000,0x00000007bcc80000)
  from space 512K, 97% used [0x00000007bce00000,0x00000007bce7d028,0x00000007bce80000)
  to   space 1536K, 0% used [0x00000007bcc80000,0x00000007bcc80000,0x00000007bce00000)
 ParOldGen       total 121856K, used 48496K [0x0000000780000000, 0x0000000787700000, 0x00000007aab00000)
  object space 121856K, 39% used [0x0000000780000000,0x0000000782f5c160,0x0000000787700000)
 Metaspace       used 48605K, capacity 51792K, committed 52096K, reserved 1095680K
  class space    used 5718K, capacity 6690K, committed 6784K, reserved 1048576K
Event: 38460.880 GC heap after
Heap after GC invocations=1288 (full 640):
 PSYoungGen      total 296960K, used 0K [0x00000007aab00000, 0x00000007bd000000, 0x00000007c0000000)
  eden space 296448K, 0% used [0x00000007aab00000,0x00000007aab00000,0x00000007bcc80000)
  from space 512K, 0% used [0x00000007bce00000,0x00000007bce00000,0x00000007bce80000)
  to   space 1536K, 0% used [0x00000007bcc80000,0x00000007bcc80000,0x00000007bce00000)
 ParOldGen       total 121856K, used 46329K [0x0000000780000000, 0x0000000787700000, 0x00000007aab00000)
  object space 121856K, 38% used [0x0000000780000000,0x0000000782d3e528,0x0000000787700000)
 Metaspace       used 48605K, capacity 51792K, committed 52096K, reserved 1095680K
  class space    used 5718K, capacity 6690K, committed 6784K, reserved 1048576K
}
Event: 38529.859 GC heap before
{Heap before GC invocations=1289 (full 640):
 PSYoungGen      total 296960K, used 106333K [0x00000007aab00000, 0x00000007bd000000, 0x00000007c0000000)
  eden space 296448K, 35% used [0x00000007aab00000,0x00000007b12d7788,0x00000007bcc80000)
  from space 512K, 0% used [0x00000007bce00000,0x00000007bce00000,0x00000007bce80000)
  to   space 1536K, 0% used [0x00000007bcc80000,0x00000007bcc80000,0x00000007bce00000)
 ParOldGen       total 121856K, used 46329K [0x0000000780000000, 0x0000000787700000, 0x00000007aab00000)
  object space 121856K, 38% used [0x0000000780000000,0x0000000782d3e528,0x0000000787700000)
 Metaspace       used 48753K, capacity 51792K, committed 52096K, reserved 1095680K
  class space    used 5729K, capacity 6690K, committed 6784K, reserved 1048576K
Event: 38529.863 GC heap after
Heap after GC invocations=1289 (full 640):
 PSYoungGen      total 297984K, used 1512K [0x00000007aab00000, 0x00000007bd200000, 0x00000007c0000000)
  eden space 296448K, 0% used [0x00000007aab00000,0x00000007aab00000,0x00000007bcc80000)
  from space 1536K, 98% used [0x00000007bcc80000,0x00000007bcdfa0b0,0x00000007bce00000)
  to   space 2560K, 0% used [0x00000007bcf80000,0x00000007bcf80000,0x00000007bd200000)
 ParOldGen       total 121856K, used 47796K [0x0000000780000000, 0x0000000787700000, 0x00000007aab00000)
  object space 121856K, 39% used [0x0000000780000000,0x0000000782ead330,0x0000000787700000)
 Metaspace       used 48753K, capacity 51792K, committed 52096K, reserved 1095680K
  class space    used 5729K, capacity 6690K, committed 6784K, reserved 1048576K
}
Event: 38529.863 GC heap before
{Heap before GC invocations=1290 (full 641):
 PSYoungGen      total 297984K, used 1512K [0x00000007aab00000, 0x00000007bd200000, 0x00000007c0000000)
  eden space 296448K, 0% used [0x00000007aab00000,0x00000007aab00000,0x00000007bcc80000)
  from space 1536K, 98% used [0x00000007bcc80000,0x00000007bcdfa0b0,0x00000007bce00000)
  to   space 2560K, 0% used [0x00000007bcf80000,0x00000007bcf80000,0x00000007bd200000)
 ParOldGen       total 121856K, used 47796K [0x0000000780000000, 0x0000000787700000, 0x00000007aab00000)
  object space 121856K, 39% used [0x0000000780000000,0x0000000782ead330,0x0000000787700000)
 Metaspace       used 48753K, capacity 51792K, committed 52096K, reserved 1095680K
  class space    used 5729K, capacity 6690K, committed 6784K, reserved 1048576K
Event: 38529.990 GC heap after
Heap after GC invocations=1290 (full 641):
 PSYoungGen      total 297984K, used 0K [0x00000007aab00000, 0x00000007bd200000, 0x00000007c0000000)
  eden space 296448K, 0% used [0x00000007aab00000,0x00000007aab00000,0x00000007bcc80000)
  from space 1536K, 0% used [0x00000007bcc80000,0x00000007bcc80000,0x00000007bce00000)
  to   space 2560K, 0% used [0x00000007bcf80000,0x00000007bcf80000,0x00000007bd200000)
 ParOldGen       total 121856K, used 46613K [0x0000000780000000, 0x0000000787700000, 0x00000007aab00000)
  object space 121856K, 38% used [0x0000000780000000,0x0000000782d85758,0x0000000787700000)
 Metaspace       used 48753K, capacity 51792K, committed 52096K, reserved 1095680K
  class space    used 5729K, capacity 6690K, committed 6784K, reserved 1048576K
}

